Using pre-set license
Built from '2021.3/staging' branch; Version is '2021.3.19f1 (c9714fde33b6) revision 13201743'; Using compiler version '192829333'; Build Type 'Release'
OS: 'Windows 10  (10.0.19045) 64bit Professional' Language: 'ru' Physical Memory: 8123 MB
BatchMode: 1, IsHumanControllingUs: 0, StartBugReporterOnCrash: 0, Is64bit: 1, IsPro: 1

COMMAND LINE ARGUMENTS:
D:\ololoshka\Unity\projects\2021.3.19f1\Editor\Unity.exe
-adb2
-batchMode
-noUpm
-name
AssetImportWorker1
-projectPath
D:/ololoshka/Unity/projects/Diplooom
-logFile
Logs/AssetImportWorker1.log
-srvPort
50711
Successfully changed project path to: D:/ololoshka/Unity/projects/Diplooom
D:/ololoshka/Unity/projects/Diplooom
[UnityMemory] Configuration Parameters - Can be set up in boot.config
    "memorysetup-bucket-allocator-granularity=16"
    "memorysetup-bucket-allocator-bucket-count=8"
    "memorysetup-bucket-allocator-block-size=33554432"
    "memorysetup-bucket-allocator-block-count=8"
    "memorysetup-main-allocator-block-size=16777216"
    "memorysetup-thread-allocator-block-size=16777216"
    "memorysetup-gfx-main-allocator-block-size=16777216"
    "memorysetup-gfx-thread-allocator-block-size=16777216"
    "memorysetup-cache-allocator-block-size=4194304"
    "memorysetup-typetree-allocator-block-size=2097152"
    "memorysetup-profiler-bucket-allocator-granularity=16"
    "memorysetup-profiler-bucket-allocator-bucket-count=8"
    "memorysetup-profiler-bucket-allocator-block-size=33554432"
    "memorysetup-profiler-bucket-allocator-block-count=8"
    "memorysetup-profiler-allocator-block-size=16777216"
    "memorysetup-profiler-editor-allocator-block-size=1048576"
    "memorysetup-temp-allocator-size-main=16777216"
    "memorysetup-job-temp-allocator-block-size=2097152"
    "memorysetup-job-temp-allocator-block-size-background=1048576"
    "memorysetup-job-temp-allocator-reduction-small-platforms=262144"
    "memorysetup-temp-allocator-size-background-worker=32768"
    "memorysetup-temp-allocator-size-job-worker=262144"
    "memorysetup-temp-allocator-size-preload-manager=33554432"
    "memorysetup-temp-allocator-size-nav-mesh-worker=65536"
    "memorysetup-temp-allocator-size-audio-worker=65536"
    "memorysetup-temp-allocator-size-cloud-worker=32768"
    "memorysetup-temp-allocator-size-gi-baking-worker=262144"
    "memorysetup-temp-allocator-size-gfx=262144"
Player connection [3784] Host "[IP] 192.168.1.103 [Port] 0 [Flags] 2 [Guid] 2134440718 [EditorId] 2134440718 [Version] 1048832 [Id] WindowsEditor(7,DESKTOP-OJMGDPT) [Debug] 1 [PackageName] WindowsEditor [ProjectName] Editor" joined multi-casting on [225.0.0.222:54997]...

Player connection [3784] Host "[IP] 192.168.1.103 [Port] 0 [Flags] 2 [Guid] 2134440718 [EditorId] 2134440718 [Version] 1048832 [Id] WindowsEditor(7,DESKTOP-OJMGDPT) [Debug] 1 [PackageName] WindowsEditor [ProjectName] Editor" joined alternative multi-casting on [225.0.0.222:34997]...

Refreshing native plugins compatible for Editor in 75.50 ms, found 3 plugins.
Preloading 0 native plugins for Editor in 0.00 ms.
Initialize engine version: 2021.3.19f1 (c9714fde33b6)
[Subsystems] Discovering subsystems at path D:/ololoshka/Unity/projects/2021.3.19f1/Editor/Data/Resources/UnitySubsystems
[Subsystems] Discovering subsystems at path D:/ololoshka/Unity/projects/Diplooom/Assets
GfxDevice: creating device client; threaded=0; jobified=0
Direct3D:
    Version:  Direct3D 11.0 [level 11.1]
    Renderer: NVIDIA GeForce RTX 3070 (ID=0x2484)
    Vendor:   NVIDIA
    VRAM:     8031 MB
    Driver:   31.0.15.3161
Initialize mono
Mono path[0] = 'D:/ololoshka/Unity/projects/2021.3.19f1/Editor/Data/Managed'
Mono path[1] = 'D:/ololoshka/Unity/projects/2021.3.19f1/Editor/Data/MonoBleedingEdge/lib/mono/unityjit-win32'
Mono config path = 'D:/ololoshka/Unity/projects/2021.3.19f1/Editor/Data/MonoBleedingEdge/etc'
Using monoOptions --debugger-agent=transport=dt_socket,embedding=1,server=y,suspend=n,address=127.0.0.1:56604
Begin MonoManager ReloadAssembly
Registering precompiled unity dll's ...
Register platform support module: D:/ololoshka/Unity/projects/2021.3.19f1/Editor/Data/PlaybackEngines/WindowsStandaloneSupport/UnityEditor.WindowsStandalone.Extensions.dll
Registered in 0.003303 seconds.
Native extension for WindowsStandalone target not found
Refreshing native plugins compatible for Editor in 77.20 ms, found 3 plugins.
Preloading 0 native plugins for Editor in 0.00 ms.
Mono: successfully reloaded assembly
- Completed reload, in  0.611 seconds
Domain Reload Profiling:
	ReloadAssembly (612ms)
		BeginReloadAssembly (67ms)
			ExecutionOrderSort (0ms)
			DisableScriptedObjects (0ms)
			BackupInstance (0ms)
			ReleaseScriptingObjects (0ms)
			CreateAndSetChildDomain (1ms)
		EndReloadAssembly (443ms)
			LoadAssemblies (66ms)
			RebuildTransferFunctionScriptingTraits (0ms)
			SetupTypeCache (104ms)
			ReleaseScriptCaches (0ms)
			RebuildScriptCaches (28ms)
			SetupLoadedEditorAssemblies (264ms)
				LogAssemblyErrors (0ms)
				InitializePlatformSupportModulesInManaged (7ms)
				SetLoadedEditorAssemblies (0ms)
				RefreshPlugins (77ms)
				BeforeProcessingInitializeOnLoad (1ms)
				ProcessInitializeOnLoadAttributes (132ms)
				ProcessInitializeOnLoadMethodAttributes (46ms)
				AfterProcessingInitializeOnLoad (0ms)
				EditorAssembliesLoaded (0ms)
			ExecutionOrderSort2 (0ms)
			AwakeInstancesAfterBackupRestoration (0ms)
Platform modules already initialized, skipping
Registering precompiled user dll's ...
Registered in 0.003872 seconds.
Begin MonoManager ReloadAssembly
Symbol file LoadedFromMemory doesn't match image D:\ololoshka\Unity\projects\Diplooom\Library\PackageCache\com.unity.visualscripting@1.8.0\Editor\VisualScripting.Core\Dependencies\YamlDotNet\Unity.VisualScripting.YamlDotNet.dll
Symbol file LoadedFromMemory doesn't match image D:\ololoshka\Unity\projects\Diplooom\Library\PackageCache\com.unity.visualscripting@1.8.0\Editor\VisualScripting.Core\Dependencies\DotNetZip\Unity.VisualScripting.IonicZip.dll
Native extension for WindowsStandalone target not found
Refreshing native plugins compatible for Editor in 0.54 ms, found 3 plugins.
Preloading 0 native plugins for Editor in 0.00 ms.
Mono: successfully reloaded assembly
- Completed reload, in  0.964 seconds
Domain Reload Profiling:
	ReloadAssembly (964ms)
		BeginReloadAssembly (114ms)
			ExecutionOrderSort (0ms)
			DisableScriptedObjects (6ms)
			BackupInstance (0ms)
			ReleaseScriptingObjects (0ms)
			CreateAndSetChildDomain (18ms)
		EndReloadAssembly (737ms)
			LoadAssemblies (91ms)
			RebuildTransferFunctionScriptingTraits (0ms)
			SetupTypeCache (250ms)
			ReleaseScriptCaches (1ms)
			RebuildScriptCaches (47ms)
			SetupLoadedEditorAssemblies (324ms)
				LogAssemblyErrors (0ms)
				InitializePlatformSupportModulesInManaged (4ms)
				SetLoadedEditorAssemblies (0ms)
				RefreshPlugins (1ms)
				BeforeProcessingInitializeOnLoad (73ms)
				ProcessInitializeOnLoadAttributes (222ms)
				ProcessInitializeOnLoadMethodAttributes (20ms)
				AfterProcessingInitializeOnLoad (4ms)
				EditorAssembliesLoaded (0ms)
			ExecutionOrderSort2 (0ms)
			AwakeInstancesAfterBackupRestoration (6ms)
Platform modules already initialized, skipping
========================================================================
Worker process is ready to serve import requests
Launched and connected shader compiler UnityShaderCompiler.exe after 0.04 seconds
Refreshing native plugins compatible for Editor in 0.58 ms, found 3 plugins.
Preloading 0 native plugins for Editor in 0.00 ms.
Unloading 3074 Unused Serialized files (Serialized files now loaded: 0)
Unloading 24 unused Assets / (113.9 KB). Loaded Objects now: 3539.
Memory consumption went from 109.1 MB to 109.0 MB.
Total: 3.316000 ms (FindLiveObjects: 0.318700 ms CreateObjectMapping: 0.076700 ms MarkObjects: 2.782300 ms  DeleteObjects: 0.136700 ms)

AssetImportParameters requested are different than current active one (requested -> active):
  custom:video-decoder-ogg-theora: a1e56fd34408186e4bbccfd4996cb3dc -> 
  custom:container-muxer-webm: aa71ff27fc2769a1b78a27578f13a17b -> 
  custom:container-demuxer-webm: 4f35f7cbe854078d1ac9338744f61a02 -> 
  custom:video-encoder-webm-vp8: eb34c28f22e8b96e1ab97ce403110664 -> 
  custom:audio-encoder-webm-vorbis: bf7c407c2cedff20999df2af8eb42d56 -> 
  custom:framework-win-MediaFoundation: 216162199b28c13a410421893ffa2e32 -> 
  custom:container-demuxer-ogg: 62fdf1f143b41e24485cea50d1cbac27 -> 
  custom:video-decoder-webm-vp8: 9c59270c3fd7afecdb556c50c9e8de78 -> 
  custom:audio-decoder-ogg-vorbis: bf7c407c2cedff20999df2af8eb42d56 -> 
========================================================================
Received Import Request.
  Time since last request: 360630.701992 seconds.
  path: Assets/Monster_4/materials/m_plank.mat
  artifactKey: Guid(84994e33d6b89234f8bb0e04e845e3d4) Importer(815301076,1909f56bfc062723c751e8b465ee728b)
Start importing Assets/Monster_4/materials/m_plank.mat using Guid(84994e33d6b89234f8bb0e04e845e3d4) Importer(815301076,1909f56bfc062723c751e8b465ee728b)  -> (artifact id: 'c62e6ffe563a71d5d3910a5bf3b80a4c') in 0.173591 seconds 
========================================================================
Received Import Request.
  Time since last request: 15.176427 seconds.
  path: Assets/rpg animations/animations/no_weapon/U_human_hit_01.fbx
  artifactKey: Guid(463938ab511193941aacdfb8dda1a791) Importer(815301076,1909f56bfc062723c751e8b465ee728b)
Start importing Assets/rpg animations/animations/no_weapon/U_human_hit_01.fbx using Guid(463938ab511193941aacdfb8dda1a791) Importer(815301076,1909f56bfc062723c751e8b465ee728b)  -> (artifact id: 'b8bedf2eeb8f8f3fe1d313d7e5d4eb1d') in 0.186289 seconds 
========================================================================
Received Import Request.
  Time since last request: 0.000024 seconds.
  path: Assets/rpg animations/animations/no_weapon/U_human_listening_friendly.fbx
  artifactKey: Guid(015627c4a6848b641ac0f61ce8211742) Importer(815301076,1909f56bfc062723c751e8b465ee728b)
Start importing Assets/rpg animations/animations/no_weapon/U_human_listening_friendly.fbx using Guid(015627c4a6848b641ac0f61ce8211742) Importer(815301076,1909f56bfc062723c751e8b465ee728b)  -> (artifact id: 'fefe51ab77a27dec3c07e4a690781d47') in 0.015168 seconds 
========================================================================
Received Import Request.
  Time since last request: 0.000029 seconds.
  path: Assets/rpg animations/animations/no_weapon/U_human_idle_01.fbx
  artifactKey: Guid(08f36bea7bc4d2e40bf3407c1c88195c) Importer(815301076,1909f56bfc062723c751e8b465ee728b)
Start importing Assets/rpg animations/animations/no_weapon/U_human_idle_01.fbx using Guid(08f36bea7bc4d2e40bf3407c1c88195c) Importer(815301076,1909f56bfc062723c751e8b465ee728b)  -> (artifact id: '27017e54db5e85c2e4ffbd32dc25548d') in 0.011752 seconds 
========================================================================
Received Import Request.
  Time since last request: 0.000022 seconds.
  path: Assets/rpg animations/animations/no_weapon/U_human_idle_to_sword_idle.fbx
  artifactKey: Guid(8fb57121a13e7f1429c305f7796db8ec) Importer(815301076,1909f56bfc062723c751e8b465ee728b)
Start importing Assets/rpg animations/animations/no_weapon/U_human_idle_to_sword_idle.fbx using Guid(8fb57121a13e7f1429c305f7796db8ec) Importer(815301076,1909f56bfc062723c751e8b465ee728b)  -> (artifact id: 'be8d0f5c885b2d0e4b338531dfca74a5') in 0.009867 seconds 
Editor requested this worker to shutdown with reason: Scaling down because of idle timeout
AssetImportWorker is now disconnected from the server
Process exiting
Exiting without the bug reporter. Application will terminate with return code 0