Using pre-set license
Built from '2021.3/staging' branch; Version is '2021.3.19f1 (c9714fde33b6) revision 13201743'; Using compiler version '192829333'; Build Type 'Release'
OS: 'Windows 10  (10.0.19044) 64bit Professional' Language: 'ru' Physical Memory: 24507 MB
BatchMode: 1, IsHumanControllingUs: 0, StartBugReporterOnCrash: 0, Is64bit: 1, IsPro: 1

COMMAND LINE ARGUMENTS:
D:\ololoshka\Unity\projects\2021.3.19f1\Editor\Unity.exe
-adb2
-batchMode
-noUpm
-name
AssetImportWorker0
-projectPath
D:/ololoshka/Unity/projects/Diplooom
-logFile
Logs/AssetImportWorker0.log
-srvPort
51431
Successfully changed project path to: D:/ololoshka/Unity/projects/Diplooom
D:/ololoshka/Unity/projects/Diplooom
[UnityMemory] Configuration Parameters - Can be set up in boot.config
    "memorysetup-bucket-allocator-granularity=16"
    "memorysetup-bucket-allocator-bucket-count=8"
    "memorysetup-bucket-allocator-block-size=33554432"
    "memorysetup-bucket-allocator-block-count=8"
    "memorysetup-main-allocator-block-size=16777216"
    "memorysetup-thread-allocator-block-size=16777216"
    "memorysetup-gfx-main-allocator-block-size=16777216"
    "memorysetup-gfx-thread-allocator-block-size=16777216"
    "memorysetup-cache-allocator-block-size=4194304"
    "memorysetup-typetree-allocator-block-size=2097152"
    "memorysetup-profiler-bucket-allocator-granularity=16"
    "memorysetup-profiler-bucket-allocator-bucket-count=8"
    "memorysetup-profiler-bucket-allocator-block-size=33554432"
    "memorysetup-profiler-bucket-allocator-block-count=8"
    "memorysetup-profiler-allocator-block-size=16777216"
    "memorysetup-profiler-editor-allocator-block-size=1048576"
    "memorysetup-temp-allocator-size-main=16777216"
    "memorysetup-job-temp-allocator-block-size=2097152"
    "memorysetup-job-temp-allocator-block-size-background=1048576"
    "memorysetup-job-temp-allocator-reduction-small-platforms=262144"
    "memorysetup-temp-allocator-size-background-worker=32768"
    "memorysetup-temp-allocator-size-job-worker=262144"
    "memorysetup-temp-allocator-size-preload-manager=33554432"
    "memorysetup-temp-allocator-size-nav-mesh-worker=65536"
    "memorysetup-temp-allocator-size-audio-worker=65536"
    "memorysetup-temp-allocator-size-cloud-worker=32768"
    "memorysetup-temp-allocator-size-gi-baking-worker=262144"
    "memorysetup-temp-allocator-size-gfx=262144"
Player connection [10644] Host "[IP] 192.168.1.102 [Port] 0 [Flags] 2 [Guid] 4146128074 [EditorId] 4146128074 [Version] 1048832 [Id] WindowsEditor(7,DESKTOP-OJMGDPT) [Debug] 1 [PackageName] WindowsEditor [ProjectName] Editor" joined multi-casting on [225.0.0.222:54997]...

Player connection [10644] Host "[IP] 192.168.1.102 [Port] 0 [Flags] 2 [Guid] 4146128074 [EditorId] 4146128074 [Version] 1048832 [Id] WindowsEditor(7,DESKTOP-OJMGDPT) [Debug] 1 [PackageName] WindowsEditor [ProjectName] Editor" joined alternative multi-casting on [225.0.0.222:34997]...

Refreshing native plugins compatible for Editor in 76.03 ms, found 3 plugins.
Preloading 0 native plugins for Editor in 0.00 ms.
Initialize engine version: 2021.3.19f1 (c9714fde33b6)
[Subsystems] Discovering subsystems at path D:/ololoshka/Unity/projects/2021.3.19f1/Editor/Data/Resources/UnitySubsystems
[Subsystems] Discovering subsystems at path D:/ololoshka/Unity/projects/Diplooom/Assets
GfxDevice: creating device client; threaded=0; jobified=0
Direct3D:
    Version:  Direct3D 11.0 [level 11.1]
    Renderer: NVIDIA GeForce RTX 3070 (ID=0x2484)
    Vendor:   NVIDIA
    VRAM:     8031 MB
    Driver:   31.0.15.3161
Initialize mono
Mono path[0] = 'D:/ololoshka/Unity/projects/2021.3.19f1/Editor/Data/Managed'
Mono path[1] = 'D:/ololoshka/Unity/projects/2021.3.19f1/Editor/Data/MonoBleedingEdge/lib/mono/unityjit-win32'
Mono config path = 'D:/ololoshka/Unity/projects/2021.3.19f1/Editor/Data/MonoBleedingEdge/etc'
Using monoOptions --debugger-agent=transport=dt_socket,embedding=1,server=y,suspend=n,address=127.0.0.1:56428
Begin MonoManager ReloadAssembly
Registering precompiled unity dll's ...
Register platform support module: D:/ololoshka/Unity/projects/2021.3.19f1/Editor/Data/PlaybackEngines/WindowsStandaloneSupport/UnityEditor.WindowsStandalone.Extensions.dll
Registered in 0.003405 seconds.
Native extension for WindowsStandalone target not found
Refreshing native plugins compatible for Editor in 76.09 ms, found 3 plugins.
Preloading 0 native plugins for Editor in 0.00 ms.
Mono: successfully reloaded assembly
- Completed reload, in  0.608 seconds
Domain Reload Profiling:
	ReloadAssembly (609ms)
		BeginReloadAssembly (73ms)
			ExecutionOrderSort (0ms)
			DisableScriptedObjects (0ms)
			BackupInstance (0ms)
			ReleaseScriptingObjects (0ms)
			CreateAndSetChildDomain (1ms)
		EndReloadAssembly (430ms)
			LoadAssemblies (72ms)
			RebuildTransferFunctionScriptingTraits (0ms)
			SetupTypeCache (101ms)
			ReleaseScriptCaches (0ms)
			RebuildScriptCaches (27ms)
			SetupLoadedEditorAssemblies (255ms)
				LogAssemblyErrors (0ms)
				InitializePlatformSupportModulesInManaged (7ms)
				SetLoadedEditorAssemblies (0ms)
				RefreshPlugins (76ms)
				BeforeProcessingInitializeOnLoad (1ms)
				ProcessInitializeOnLoadAttributes (124ms)
				ProcessInitializeOnLoadMethodAttributes (47ms)
				AfterProcessingInitializeOnLoad (0ms)
				EditorAssembliesLoaded (0ms)
			ExecutionOrderSort2 (0ms)
			AwakeInstancesAfterBackupRestoration (0ms)
Platform modules already initialized, skipping
Registering precompiled user dll's ...
Registered in 0.003879 seconds.
Begin MonoManager ReloadAssembly
Symbol file LoadedFromMemory doesn't match image D:\ololoshka\Unity\projects\Diplooom\Library\PackageCache\com.unity.visualscripting@1.8.0\Editor\VisualScripting.Core\Dependencies\YamlDotNet\Unity.VisualScripting.YamlDotNet.dll
Symbol file LoadedFromMemory doesn't match image D:\ololoshka\Unity\projects\Diplooom\Library\PackageCache\com.unity.visualscripting@1.8.0\Editor\VisualScripting.Core\Dependencies\DotNetZip\Unity.VisualScripting.IonicZip.dll
Native extension for WindowsStandalone target not found
Refreshing native plugins compatible for Editor in 0.56 ms, found 3 plugins.
Preloading 0 native plugins for Editor in 0.00 ms.
Mono: successfully reloaded assembly
- Completed reload, in  0.955 seconds
Domain Reload Profiling:
	ReloadAssembly (956ms)
		BeginReloadAssembly (107ms)
			ExecutionOrderSort (0ms)
			DisableScriptedObjects (6ms)
			BackupInstance (0ms)
			ReleaseScriptingObjects (0ms)
			CreateAndSetChildDomain (17ms)
		EndReloadAssembly (734ms)
			LoadAssemblies (84ms)
			RebuildTransferFunctionScriptingTraits (0ms)
			SetupTypeCache (252ms)
			ReleaseScriptCaches (1ms)
			RebuildScriptCaches (49ms)
			SetupLoadedEditorAssemblies (316ms)
				LogAssemblyErrors (0ms)
				InitializePlatformSupportModulesInManaged (4ms)
				SetLoadedEditorAssemblies (0ms)
				RefreshPlugins (1ms)
				BeforeProcessingInitializeOnLoad (70ms)
				ProcessInitializeOnLoadAttributes (216ms)
				ProcessInitializeOnLoadMethodAttributes (20ms)
				AfterProcessingInitializeOnLoad (3ms)
				EditorAssembliesLoaded (0ms)
			ExecutionOrderSort2 (0ms)
			AwakeInstancesAfterBackupRestoration (6ms)
Platform modules already initialized, skipping
========================================================================
Worker process is ready to serve import requests
Launched and connected shader compiler UnityShaderCompiler.exe after 0.04 seconds
Refreshing native plugins compatible for Editor in 0.56 ms, found 3 plugins.
Preloading 0 native plugins for Editor in 0.00 ms.
Unloading 3071 Unused Serialized files (Serialized files now loaded: 0)
Unloading 24 unused Assets / (113.5 KB). Loaded Objects now: 3536.
Memory consumption went from 109.0 MB to 108.9 MB.
Total: 3.058000 ms (FindLiveObjects: 0.309100 ms CreateObjectMapping: 0.076800 ms MarkObjects: 2.548000 ms  DeleteObjects: 0.122200 ms)

AssetImportParameters requested are different than current active one (requested -> active):
  custom:video-decoder-ogg-theora: a1e56fd34408186e4bbccfd4996cb3dc -> 
  custom:container-muxer-webm: aa71ff27fc2769a1b78a27578f13a17b -> 
  custom:container-demuxer-webm: 4f35f7cbe854078d1ac9338744f61a02 -> 
  custom:video-encoder-webm-vp8: eb34c28f22e8b96e1ab97ce403110664 -> 
  custom:audio-encoder-webm-vorbis: bf7c407c2cedff20999df2af8eb42d56 -> 
  custom:framework-win-MediaFoundation: 216162199b28c13a410421893ffa2e32 -> 
  custom:container-demuxer-ogg: 62fdf1f143b41e24485cea50d1cbac27 -> 
  custom:video-decoder-webm-vp8: 9c59270c3fd7afecdb556c50c9e8de78 -> 
  custom:audio-decoder-ogg-vorbis: bf7c407c2cedff20999df2af8eb42d56 -> 
========================================================================
Received Import Request.
  Time since last request: 54981.474007 seconds.
  path: Assets/GameMenu/Screen resolution.png
  artifactKey: Guid(04b3e78bd2d9a7b4c8b6a74607cc94e3) Importer(815301076,1909f56bfc062723c751e8b465ee728b)
Start importing Assets/GameMenu/Screen resolution.png using Guid(04b3e78bd2d9a7b4c8b6a74607cc94e3) Importer(815301076,1909f56bfc062723c751e8b465ee728b)  -> (artifact id: 'e5d734c55b565f8b062ac2658ac123f5') in 0.155373 seconds 
========================================================================
Received Import Request.
  Time since last request: 2.745120 seconds.
  path: Assets/GameMenu/Screen resolution.png
  artifactKey: Guid(04b3e78bd2d9a7b4c8b6a74607cc94e3) Importer(815301076,1909f56bfc062723c751e8b465ee728b)
Start importing Assets/GameMenu/Screen resolution.png using Guid(04b3e78bd2d9a7b4c8b6a74607cc94e3) Importer(815301076,1909f56bfc062723c751e8b465ee728b)  -> (artifact id: '3503e18b1b0a55b4e620c22adef502cd') in 0.052648 seconds 
========================================================================
Received Import Request.
  Time since last request: 68.731414 seconds.
  path: Assets/GameMenu/Screen resolution.png
  artifactKey: Guid(04b3e78bd2d9a7b4c8b6a74607cc94e3) Importer(815301076,1909f56bfc062723c751e8b465ee728b)
Start importing Assets/GameMenu/Screen resolution.png using Guid(04b3e78bd2d9a7b4c8b6a74607cc94e3) Importer(815301076,1909f56bfc062723c751e8b465ee728b)  -> (artifact id: '10dec26f525bb89e1763b6993c61ff4b') in 0.009753 seconds 
========================================================================
Received Import Request.
  Time since last request: 7.828089 seconds.
  path: Assets/GameMenu/Screen resolution.png
  artifactKey: Guid(04b3e78bd2d9a7b4c8b6a74607cc94e3) Importer(815301076,1909f56bfc062723c751e8b465ee728b)
Start importing Assets/GameMenu/Screen resolution.png using Guid(04b3e78bd2d9a7b4c8b6a74607cc94e3) Importer(815301076,1909f56bfc062723c751e8b465ee728b)  -> (artifact id: '0b6f8fabab61c5289ff5daddefa0d44c') in 0.017641 seconds 
========================================================================
Received Import Request.
  Time since last request: 292.684098 seconds.
  path: Assets/Invector-3rdPersonController_LITE/Resources/BebasKai-Regular.otf
  artifactKey: Guid(a8f74dbf0f81e504bbbdf3f6063e1047) Importer(815301076,1909f56bfc062723c751e8b465ee728b)
Start importing Assets/Invector-3rdPersonController_LITE/Resources/BebasKai-Regular.otf using Guid(a8f74dbf0f81e504bbbdf3f6063e1047) Importer(815301076,1909f56bfc062723c751e8b465ee728b)  -> (artifact id: '5e5975b3165f22af189445d709d004e8') in 0.058614 seconds 
========================================================================
Received Import Request.
  Time since last request: 768.827095 seconds.
  path: Assets/GameMenu/Graphic arts.png
  artifactKey: Guid(80b92ab5e1505fc45b380d5c9f7770bc) Importer(815301076,1909f56bfc062723c751e8b465ee728b)
Start importing Assets/GameMenu/Graphic arts.png using Guid(80b92ab5e1505fc45b380d5c9f7770bc) Importer(815301076,1909f56bfc062723c751e8b465ee728b)  -> (artifact id: '31a646231edebf124b90a207911d4c61') in 0.012028 seconds 
========================================================================
Received Import Request.
  Time since last request: 6.279780 seconds.
  path: Assets/GameMenu/Graphic arts.png
  artifactKey: Guid(80b92ab5e1505fc45b380d5c9f7770bc) Importer(815301076,1909f56bfc062723c751e8b465ee728b)
Start importing Assets/GameMenu/Graphic arts.png using Guid(80b92ab5e1505fc45b380d5c9f7770bc) Importer(815301076,1909f56bfc062723c751e8b465ee728b)  -> (artifact id: '6519f9382e31ec855c5d24abcfe16ee4') in 0.015057 seconds 
========================================================================
Received Import Request.
  Time since last request: 358.489851 seconds.
  path: Assets/GameMenu/SaveStart.png
  artifactKey: Guid(12384da847d6ca44783b3ac13799e5b0) Importer(815301076,1909f56bfc062723c751e8b465ee728b)
Start importing Assets/GameMenu/SaveStart.png using Guid(12384da847d6ca44783b3ac13799e5b0) Importer(815301076,1909f56bfc062723c751e8b465ee728b)  -> (artifact id: 'bb772b3d40c969855fb879fabb687123') in 0.014062 seconds 
========================================================================
Received Import Request.
  Time since last request: 34.271609 seconds.
  path: Assets/GameMenu/SaveStart.png
  artifactKey: Guid(12384da847d6ca44783b3ac13799e5b0) Importer(815301076,1909f56bfc062723c751e8b465ee728b)
Start importing Assets/GameMenu/SaveStart.png using Guid(12384da847d6ca44783b3ac13799e5b0) Importer(815301076,1909f56bfc062723c751e8b465ee728b)  -> (artifact id: '89cb0587c7cc14f272c6e0762a6fe186') in 0.014792 seconds 
